<?xml version="1.0" encoding="UTF-8"?>
<!-- Generated by org.testng.reporters.JUnitXMLReporter -->
<testsuite hostname="Hilux" name="TestEx" tests="1" failures="0" timestamp="19 Aug 2022 09:14:07 GMT" time="0.034" errors="0">
  <testcase name="@BeforeTest browserLaunch" time="0.0" classname="org.loginpageexecution.LoginPageExecution">
    <failure type="org.testng.TestNGException" message="
Parameter &amp;apos;browser&amp;apos; is required by @Configuration on method browserLaunch but has not been marked @Optional or defined
in C:\Users\luxpu\eclipse-workspace\space\TestngPractice\testngEx.xml">
      <![CDATA[org.testng.TestNGException: 
Parameter 'browser' is required by @Configuration on method browserLaunch but has not been marked @Optional or defined
in C:\Users\luxpu\eclipse-workspace\space\TestngPractice\testngEx.xml
... Removed 19 stack frames]]>
    </failure>
  </testcase> <!-- @BeforeTest browserLaunch -->
  <testcase name="@BeforeMethod url" time="0.0" classname="org.loginpageexecution.LoginPageExecution">
    <skipped/>
  </testcase> <!-- @BeforeMethod url -->
  <testcase name="send" time="0.004" classname="org.loginpageexecution.LoginPageExecution">
    <skipped/>
  </testcase> <!-- send -->
</testsuite> <!-- TestEx -->
