<?xml version="1.0" encoding="UTF-8"?>
<testng-results skipped="1" failed="0" total="1" passed="0">
  <reporter-output>
  </reporter-output>
  <suite name="Suite" duration-ms="34" started-at="2022-08-19T09:14:07Z" finished-at="2022-08-19T09:14:07Z">
    <groups>
    </groups>
    <test name="TestEx" duration-ms="34" started-at="2022-08-19T09:14:07Z" finished-at="2022-08-19T09:14:07Z">
      <class name="org.loginpageexecution.LoginPageExecution">
        <test-method status="FAIL" signature="browserLaunch(java.lang.String)[pri:0, instance:org.loginpageexecution.LoginPageExecution@d041cf]" name="browserLaunch" is-config="true" duration-ms="0" started-at="2022-08-19T14:44:07Z" finished-at="2022-08-19T14:44:07Z">
          <exception class="org.testng.TestNGException">
            <message>
              <![CDATA[
Parameter 'browser' is required by @Configuration on method browserLaunch but has not been marked @Optional or defined
in C:\Users\luxpu\eclipse-workspace\space\TestngPractice\testngEx.xml]]>
            </message>
            <full-stacktrace>
              <![CDATA[org.testng.TestNGException: 
Parameter 'browser' is required by @Configuration on method browserLaunch but has not been marked @Optional or defined
in C:\Users\luxpu\eclipse-workspace\space\TestngPractice\testngEx.xml
	at org.testng.internal.Parameters.createParameters(Parameters.java:154)
	at org.testng.internal.Parameters.createParameters(Parameters.java:361)
	at org.testng.internal.Parameters.createConfigurationParameters(Parameters.java:84)
	at org.testng.internal.Invoker.invokeConfigurations(Invoker.java:201)
	at org.testng.internal.Invoker.invokeConfigurations(Invoker.java:142)
	at org.testng.TestRunner.beforeRun(TestRunner.java:656)
	at org.testng.TestRunner.run(TestRunner.java:624)
	at org.testng.SuiteRunner.runTest(SuiteRunner.java:366)
	at org.testng.SuiteRunner.runSequentially(SuiteRunner.java:361)
	at org.testng.SuiteRunner.privateRun(SuiteRunner.java:319)
	at org.testng.SuiteRunner.run(SuiteRunner.java:268)
	at org.testng.SuiteRunnerWorker.runSuite(SuiteRunnerWorker.java:52)
	at org.testng.SuiteRunnerWorker.run(SuiteRunnerWorker.java:86)
	at org.testng.TestNG.runSuitesSequentially(TestNG.java:1244)
	at org.testng.TestNG.runSuitesLocally(TestNG.java:1169)
	at org.testng.TestNG.run(TestNG.java:1064)
	at org.testng.remote.RemoteTestNG.run(RemoteTestNG.java:113)
	at org.testng.remote.RemoteTestNG.initAndRun(RemoteTestNG.java:206)
	at org.testng.remote.RemoteTestNG.main(RemoteTestNG.java:177)
]]>
            </full-stacktrace>
          </exception> <!-- org.testng.TestNGException -->
          <reporter-output>
          </reporter-output>
        </test-method> <!-- browserLaunch -->
        <test-method status="SKIP" signature="url(java.lang.String)[pri:0, instance:org.loginpageexecution.LoginPageExecution@d041cf]" name="url" is-config="true" duration-ms="0" started-at="2022-08-19T14:44:07Z" finished-at="2022-08-19T14:44:07Z">
          <reporter-output>
          </reporter-output>
        </test-method> <!-- url -->
        <test-method status="SKIP" signature="send()[pri:0, instance:org.loginpageexecution.LoginPageExecution@d041cf]" name="send" duration-ms="4" started-at="2022-08-19T14:44:07Z" finished-at="2022-08-19T14:44:07Z">
          <reporter-output>
          </reporter-output>
        </test-method> <!-- send -->
      </class> <!-- org.loginpageexecution.LoginPageExecution -->
    </test> <!-- TestEx -->
  </suite> <!-- Suite -->
</testng-results>
